<?xml version="1.0" encoding="UTF-8"?>
<!-- Generated by org.testng.reporters.JUnitReportReporter -->
<testsuite skipped="0" hostname="DESKTOP-3QRK3MA" name="diaUno.PruebaAcademia" tests="2" failures="0" timestamp="2020-01-15T10:16:52 CST" time="32.398" errors="0">
  <testcase name="Tarea" time="18.659" classname="diaUno.PruebaAcademia"/>
  <testcase name="Ir_Google" time="13.739" classname="diaUno.PruebaAcademia"/>
</testsuite> <!-- diaUno.PruebaAcademia -->
