<?xml version="1.0" encoding="UTF-8"?>
<!-- Generated by org.testng.reporters.JUnitReportReporter -->
<testsuite skipped="0" hostname="DESKTOP-3QRK3MA" name="diaDos.practice" tests="1" failures="0" timestamp="2020-01-15T22:48:56 CST" time="25.189" errors="0">
  <testcase name="Practica3" time="25.189" classname="diaDos.practice"/>
</testsuite> <!-- diaDos.practice -->
