<?xml version="1.0" encoding="UTF-8"?>
<!-- Generated by org.testng.reporters.JUnitReportReporter -->
<testsuite skipped="0" hostname="DESKTOP-3QRK3MA" name="diaDos.practice" tests="2" failures="0" timestamp="2020-01-15T12:25:42 CST" time="7.267" errors="0">
  <testcase name="Practica" time="6.159" classname="diaDos.practice"/>
  <testcase name="Practica2" time="1.108" classname="diaDos.practice"/>
</testsuite> <!-- diaDos.practice -->
