<?xml version="1.0" encoding="UTF-8"?>
<!-- Generated by org.testng.reporters.JUnitReportReporter -->
<testsuite skipped="0" hostname="DESKTOP-3QRK3MA" name="diaDos.practice" tests="1" failures="0" timestamp="2020-01-15T12:13:39 CST" time="6.122" errors="0">
  <testcase name="Practica" time="6.122" classname="diaDos.practice"/>
</testsuite> <!-- diaDos.practice -->
